22:37:03 **** Rebuild of configuration Debug for project TP1 ****
Info: Internal Builder is used for build
gcc -O0 -g3 -Wall -c -fmessage-length=0 -o "src\\TP1.o" "..\\src\\TP1.c" 
gcc -o TP1.exe "src\\TP1.o" 
Info: Nothing to build for TP1
22:44:10 **** Incremental Build of configuration Debug for project TP1 ****
Info: Internal Builder is used for build
gcc -O0 -g3 -Wall -c -fmessage-length=0 -o "src\\TP1.o" "..\\src\\TP1.c" 
gcc -o TP1.exe "src\\TP1.o" 
Info: Nothing to build for TP1
22:47:00 **** Incremental Build of configuration Debug for project TP1 ****
Info: Internal Builder is used for build
gcc -O0 -g3 -Wall -c -fmessage-length=0 -o "src\\TP1.o" "..\\src\\TP1.c" 
gcc -o TP1.exe "src\\TP1.o" 
Info: Nothing to build for TP1
22:48:25 **** Incremental Build of configuration Debug for project TP1 ****
Info: Internal Builder is used for build
gcc -O0 -g3 -Wall -c -fmessage-length=0 -o "src\\TP1.o" "..\\src\\TP1.c" 
gcc -o TP1.exe "src\\TP1.o" 
Info: Nothing to build for TP1
22:49:57 **** Incremental Build of configuration Debug for project TP1 ****
Info: Internal Builder is used for build
gcc -O0 -g3 -Wall -c -fmessage-length=0 -o "src\\TP1.o" "..\\src\\TP1.c" 
gcc -o TP1.exe "src\\TP1.o" 
Info: Nothing to build for TP1
Info: Nothing to build for TP1
22:51:21 **** Incremental Build of configuration Debug for project TP1 ****
Info: Internal Builder is used for build
gcc -O0 -g3 -Wall -c -fmessage-length=0 -o "src\\TP1.o" "..\\src\\TP1.c" 
gcc -o TP1.exe "src\\TP1.o" 
Info: Nothing to build for TP1
22:55:42 **** Incremental Build of configuration Debug for project TP1 ****
Info: Internal Builder is used for build
gcc -O0 -g3 -Wall -c -fmessage-length=0 -o "src\\TP1.o" "..\\src\\TP1.c" 
gcc -o TP1.exe "src\\TP1.o" 
Info: Nothing to build for TP1
22:56:55 **** Incremental Build of configuration Debug for project TP1 ****
Info: Internal Builder is used for build
gcc -O0 -g3 -Wall -c -fmessage-length=0 -o "src\\TP1.o" "..\\src\\TP1.c" 
gcc -o TP1.exe "src\\TP1.o" 
Info: Nothing to build for TP1
Info: Nothing to build for TP1
Info: Nothing to build for TP1
23:00:50 **** Incremental Build of configuration Debug for project TP1 ****
Info: Internal Builder is used for build
gcc -O0 -g3 -Wall -c -fmessage-length=0 -o "src\\TP1.o" "..\\src\\TP1.c" 
gcc -o TP1.exe "src\\TP1.o" 
Info: Nothing to build for TP1
23:02:40 **** Incremental Build of configuration Debug for project TP1 ****
Info: Internal Builder is used for build
gcc -O0 -g3 -Wall -c -fmessage-length=0 -o "src\\TP1.o" "..\\src\\TP1.c" 
gcc -o TP1.exe "src\\TP1.o" 
Info: Nothing to build for TP1
23:13:31 **** Incremental Build of configuration Debug for project TP1 ****
Info: Internal Builder is used for build
gcc -O0 -g3 -Wall -c -fmessage-length=0 -o "src\\TP1.o" "..\\src\\TP1.c" 
gcc -o TP1.exe "src\\TP1.o" 
c:/mingw/bin/../lib/gcc/mingw32/9.2.0/../../../../mingw32/bin/ld.exe: cannot open output file TP1.exe: Permission denied
collect2.exe: error: ld returned 1 exit status
23:13:42 **** Incremental Build of configuration Debug for project TP1 ****
Info: Internal Builder is used for build
gcc -o TP1.exe "src\\TP1.o" 
Info: Nothing to build for TP1
23:20:30 **** Incremental Build of configuration Debug for project TP1 ****
Info: Internal Builder is used for build
gcc -O0 -g3 -Wall -c -fmessage-length=0 -o "src\\TP1.o" "..\\src\\TP1.c" 
gcc -o TP1.exe "src\\TP1.o" 
Info: Nothing to build for TP1
23:22:25 **** Incremental Build of configuration Debug for project TP1 ****
Info: Internal Builder is used for build
gcc -O0 -g3 -Wall -c -fmessage-length=0 -o "src\\TP1.o" "..\\src\\TP1.c" 
gcc -o TP1.exe "src\\TP1.o" 
Info: Nothing to build for TP1
19:53:23 **** Incremental Build of configuration Debug for project TP1 ****
Info: Internal Builder is used for build
gcc -O0 -g3 -Wall -c -fmessage-length=0 -o "src\\TP1.o" "..\\src\\TP1.c" 
gcc -o TP1.exe "src\\TP1.o" 
Info: Nothing to build for TP1
